2025-09-21 10:40:26.646  INFO 12700 --- [main] c.datastore.person.DataStoreApplication  : Starting DataStoreApplication using Java 11.0.28 on Shivas-MacBook-Air.local with PID 12700 (/Users/shivakumar/Documents/app_projects/java_projects/DataStore/target/classes started by shivakumar in /Users/shivakumar/Documents/app_projects/java_projects/DataStore)
2025-09-21 10:40:26.647  INFO 12700 --- [main] c.datastore.person.DataStoreApplication  : No active profile set, falling back to 1 default profile: "default"
2025-09-21 10:40:26.905  INFO 12700 --- [main] .s.d.r.c.RepositoryConfigurationDelegate : Bootstrapping Spring Data JPA repositories in DEFAULT mode.
2025-09-21 10:40:26.916  INFO 12700 --- [main] .s.d.r.c.RepositoryConfigurationDelegate : Finished Spring Data repository scanning in 8 ms. Found 1 JPA repository interfaces.
2025-09-21 10:40:27.032  INFO 12700 --- [main] o.s.b.w.embedded.tomcat.TomcatWebServer  : Tomcat initialized with port(s): 8083 (http)
2025-09-21 10:40:27.035  INFO 12700 --- [main] o.apache.catalina.core.StandardService   : Starting service [Tomcat]
2025-09-21 10:40:27.035  INFO 12700 --- [main] org.apache.catalina.core.StandardEngine  : Starting Servlet engine: [Apache Tomcat/9.0.58]
2025-09-21 10:40:27.054  INFO 12700 --- [main] o.a.c.c.C.[Tomcat].[localhost].[/]       : Initializing Spring embedded WebApplicationContext
2025-09-21 10:40:27.054  INFO 12700 --- [main] w.s.c.ServletWebServerApplicationContext : Root WebApplicationContext: initialization completed in 388 ms
2025-09-21 10:40:27.118  INFO 12700 --- [main] o.hibernate.jpa.internal.util.LogHelper  : HHH000204: Processing PersistenceUnitInfo [name: default]
2025-09-21 10:40:27.131  INFO 12700 --- [main] org.hibernate.Version                    : HHH000412: Hibernate ORM core version 5.6.5.Final
2025-09-21 10:40:27.167  INFO 12700 --- [main] o.hibernate.annotations.common.Version   : HCANN000001: Hibernate Commons Annotations {5.1.2.Final}
2025-09-21 10:40:27.187  INFO 12700 --- [main] com.zaxxer.hikari.HikariDataSource       : HikariPool-1 - Starting...
2025-09-21 10:40:27.275  INFO 12700 --- [main] com.zaxxer.hikari.HikariDataSource       : HikariPool-1 - Start completed.
2025-09-21 10:40:27.279  INFO 12700 --- [main] org.hibernate.dialect.Dialect            : HHH000400: Using dialect: org.hibernate.dialect.MySQL8Dialect
2025-09-21 10:40:27.423  INFO 12700 --- [main] o.h.e.t.j.p.i.JtaPlatformInitiator       : HHH000490: Using JtaPlatform implementation: [org.hibernate.engine.transaction.jta.platform.internal.NoJtaPlatform]
2025-09-21 10:40:27.425  INFO 12700 --- [main] j.LocalContainerEntityManagerFactoryBean : Initialized JPA EntityManagerFactory for persistence unit 'default'
2025-09-21 10:40:27.519  WARN 12700 --- [main] JpaBaseConfiguration$JpaWebConfiguration : spring.jpa.open-in-view is enabled by default. Therefore, database queries may be performed during view rendering. Explicitly configure spring.jpa.open-in-view to disable this warning
2025-09-21 10:40:27.629  INFO 12700 --- [main] o.s.b.a.e.web.EndpointLinksResolver      : Exposing 15 endpoint(s) beneath base path '/actuator'
2025-09-21 10:40:27.650  INFO 12700 --- [main] o.s.b.w.embedded.tomcat.TomcatWebServer  : Tomcat started on port(s): 8083 (http) with context path ''
2025-09-21 10:40:27.656  INFO 12700 --- [main] c.datastore.person.DataStoreApplication  : Started DataStoreApplication in 1.114 seconds (JVM running for 1.315)
2025-09-21 10:40:28.034  INFO 12700 --- [RMI TCP Connection(4)-127.0.0.1] o.a.c.c.C.[Tomcat].[localhost].[/]       : Initializing Spring DispatcherServlet 'dispatcherServlet'
2025-09-21 10:40:28.035  INFO 12700 --- [RMI TCP Connection(4)-127.0.0.1] o.s.web.servlet.DispatcherServlet        : Initializing Servlet 'dispatcherServlet'
2025-09-21 10:40:28.035  INFO 12700 --- [RMI TCP Connection(4)-127.0.0.1] o.s.web.servlet.DispatcherServlet        : Completed initialization in 0 ms
2025-09-21 10:40:36.510  INFO 12700 --- [http-nio-8083-exec-2] c.d.person.controller.StudentController  : Getting all students
2025-09-21 10:46:31.204  INFO 12700 --- [http-nio-8083-exec-4] c.d.person.controller.StudentController  : Getting all students
2025-09-21 10:46:32.113  INFO 12700 --- [http-nio-8083-exec-6] c.d.person.controller.StudentController  : Getting all students
2025-09-21 10:46:32.559  INFO 12700 --- [http-nio-8083-exec-7] c.d.person.controller.StudentController  : Getting all students
2025-09-21 10:46:33.143  INFO 12700 --- [http-nio-8083-exec-8] c.d.person.controller.StudentController  : Getting all students
2025-09-21 10:46:33.487  INFO 12700 --- [http-nio-8083-exec-9] c.d.person.controller.StudentController  : Getting all students
2025-09-21 10:57:07.453  INFO 12700 --- [SpringApplicationShutdownHook] j.LocalContainerEntityManagerFactoryBean : Closing JPA EntityManagerFactory for persistence unit 'default'
2025-09-21 10:57:07.456  INFO 12700 --- [SpringApplicationShutdownHook] com.zaxxer.hikari.HikariDataSource       : HikariPool-1 - Shutdown initiated...
2025-09-21 10:57:07.470  INFO 12700 --- [SpringApplicationShutdownHook] com.zaxxer.hikari.HikariDataSource       : HikariPool-1 - Shutdown completed.
